D:\Yearn\Angular2\Angular2\Scripts\Enums.js
D:\Yearn\Angular2\Angular2\Scripts\Enums.js.map
D:\Yearn\Angular2\Angular2\app\utils\HttpHelpers.js
D:\Yearn\Angular2\Angular2\app\utils\HttpHelpers.js.map
D:\Yearn\Angular2\Angular2\app\services\app.service.todolist.js
D:\Yearn\Angular2\Angular2\app\services\app.service.todolist.js.map
D:\Yearn\Angular2\Angular2\app\components\todolist\todolist.component.js
D:\Yearn\Angular2\Angular2\app\components\todolist\todolist.component.js.map
D:\Yearn\Angular2\Angular2\app\boottodolist.js
D:\Yearn\Angular2\Angular2\app\boottodolist.js.map
D:\Yearn\Angular2\Angular2\Scripts\Enums.js
D:\Yearn\Angular2\Angular2\Scripts\Enums.js.map
D:\Yearn\Angular2\Angular2\app\utils\HttpHelpers.js
D:\Yearn\Angular2\Angular2\app\utils\HttpHelpers.js.map
D:\Yearn\Angular2\Angular2\app\services\app.service.todolist.js
D:\Yearn\Angular2\Angular2\app\services\app.service.todolist.js.map
D:\Yearn\Angular2\Angular2\app\components\todolist\todolist.component.js
D:\Yearn\Angular2\Angular2\app\components\todolist\todolist.component.js.map
D:\Yearn\Angular2\Angular2\app\boottodolist.js
D:\Yearn\Angular2\Angular2\app\boottodolist.js.map
